
ROM used:   2136/32768 (7%)
            2136/32768 (7%) including unused fragments

            1.3 Average locations per line
            8.0 Average locations per statement

RAM used:   58/1536 (4%) at main() level
            72/1536 (5%) worst case

Stack used: 8 worst case (7 in main + 1 for interrupts)
Stack size: 31

Lines Stmts  %   Files
----- ----- ---  -----
  283   154  58  main.c
   12     0   0  main.h
  840     0   0  C:\Program Files (x86)\PICC\Devices\18F4520.h
  456   113  42  C:\Program Files (x86)\PICC\Drivers\lcd.c
----- -----
 1591   267 Total

Page ROM  %  RAM   Vol Diff  Functions:
---- --- --- ---   --- ----  ----------
0     38   1    1             @delay_ms1
0     14   0    1    52  2.1  EXT_isr
0     30   1    1   198  3.3  EXT1_isr
0     74   2    3   760  4.5  lcd_read_byte
0     82   2    2   262  3.7  lcd_read_nibble
0     64   1    1   399  2.4  lcd_send_nibble
0     70   2    3   415  3.7  lcd_send_byte
0    128   3    6   852  6.2  lcd_init
0     34   1    4   208  6.3  lcd_gotoxy
0     80   2    1   354  4.7  lcd_putc
0     16   0    0    47  1.5  lcd_clear
0    790  18    1  4393  4.9  MAIN
0     18   0    0             @const693
0     32   1    2             @PSTRINGC_677
0     22   1    0             @const695
0     16   0    0             @const696
0     28   1    1             @SPRINTF
0     40   1    3             @DIV88
0    170   4    6             @PRINTF_D_699
0     36   1    2             @PSTRINGR_677
0     16   0    0             @const709
0     32   1    2             @PSTRINGC_699
0      6   0    0             @const712
0    142   3    2   942  7.6  setting_soxe
 Inline         0             @cinit1

Program metrics:
    Functions               12
    Statements              267
    Comments                297
    Volume (V)              12725
    Difficulty (D)          52.1
    Effort to implement (E) 662369
    Time to implement (T)   10 hours, 13 minutes
    Est Delivered Bugs (B)  3
    Cyclomatic Complexity   25
    Maintainability (MI)    133

 Segment     Used  Free
-----------  ----  ----
00000-00002     4  0  
00004-00006     0  4  
00008-000A0   154  0  
000A2-07FFE  1978  30628  



