Added Component: Designator=1(XT ABLS)
Add component. Clean all parameters for all variants
Added Component: Designator=BT1(BT-4P0606A2V)
Add component. Clean all parameters for all variants
Added Component: Designator=C1(CAP 130D50V)
Add component. Clean all parameters for all variants
Added Component: Designator=C2(CAP 0805/2012)
Add component. Clean all parameters for all variants
Added Component: Designator=C3(CAP 0805/2012)
Add component. Clean all parameters for all variants
Added Component: Designator=C4(CAP 100D50V)
Add component. Clean all parameters for all variants
Added Component: Designator=C5(CAP 0805/2012)
Add component. Clean all parameters for all variants
Added Component: Designator=C6(CAP 0805/2012)
Add component. Clean all parameters for all variants
Added Component: Designator=C7(CAP 0805/2012)
Add component. Clean all parameters for all variants
Added Component: Designator=D1(DIO 1S2P1713H)
Add component. Clean all parameters for all variants
Add component (AddParameter): Name = "Revision"; Value = "July-2002: Re-released for DXP Platform."; VariantName = "[No Variations]"
Added Component: Designator=J1(61300511821)
Add component. Clean all parameters for all variants
Add component (AddParameter): Name = "ComponentLink1Description"; Value = "Manufacturer"; VariantName = "[No Variations]"
Add component (AddParameter): Name = "ComponentLink1URL"; Value = "http://www.we-online.de"; VariantName = "[No Variations]"
Add component (AddParameter): Name = "ComponentLink2Description"; Value = "Datasheet"; VariantName = "[No Variations]"
Add component (AddParameter): Name = "ComponentLink2URL"; Value = "http://katalog.we-online.de/em/datasheet/6130xx11821.pdf"; VariantName = "[No Variations]"
Add component (AddParameter): Name = "PartNumber"; Value = "61300511821"; VariantName = "[No Variations]"
Add component (AddParameter): Name = "PinNumber"; Value = "05p"; VariantName = "[No Variations]"
Add component (AddParameter): Name = "PublishedDate"; Value = "July 2016"; VariantName = "[No Variations]"
Add component (AddParameter): Name = "Publisher"; Value = "Wurth Elektronik"; VariantName = "[No Variations]"
Added Component: Designator=J2(61300311821)
Add component. Clean all parameters for all variants
Add component (AddParameter): Name = "ComponentLink1Description"; Value = "Manufacturer"; VariantName = "[No Variations]"
Add component (AddParameter): Name = "ComponentLink1URL"; Value = "http://www.we-online.de"; VariantName = "[No Variations]"
Add component (AddParameter): Name = "ComponentLink2Description"; Value = "Datasheet"; VariantName = "[No Variations]"
Add component (AddParameter): Name = "ComponentLink2URL"; Value = "http://katalog.we-online.de/em/datasheet/6130xx11821.pdf"; VariantName = "[No Variations]"
Add component (AddParameter): Name = "PartNumber"; Value = "61300311821"; VariantName = "[No Variations]"
Add component (AddParameter): Name = "PinNumber"; Value = "03p"; VariantName = "[No Variations]"
Add component (AddParameter): Name = "PublishedDate"; Value = "July 2016"; VariantName = "[No Variations]"
Add component (AddParameter): Name = "Publisher"; Value = "Wurth Elektronik"; VariantName = "[No Variations]"
Added Component: Designator=J3(61300311821)
Add component. Clean all parameters for all variants
Add component (AddParameter): Name = "ComponentLink1Description"; Value = "Manufacturer"; VariantName = "[No Variations]"
Add component (AddParameter): Name = "ComponentLink1URL"; Value = "http://www.we-online.de"; VariantName = "[No Variations]"
Add component (AddParameter): Name = "ComponentLink2Description"; Value = "Datasheet"; VariantName = "[No Variations]"
Add component (AddParameter): Name = "ComponentLink2URL"; Value = "http://katalog.we-online.de/em/datasheet/6130xx11821.pdf"; VariantName = "[No Variations]"
Add component (AddParameter): Name = "PartNumber"; Value = "61300311821"; VariantName = "[No Variations]"
Add component (AddParameter): Name = "PinNumber"; Value = "03p"; VariantName = "[No Variations]"
Add component (AddParameter): Name = "PublishedDate"; Value = "July 2016"; VariantName = "[No Variations]"
Add component (AddParameter): Name = "Publisher"; Value = "Wurth Elektronik"; VariantName = "[No Variations]"
Added Component: Designator=J4(61300311821)
Add component. Clean all parameters for all variants
Add component (AddParameter): Name = "ComponentLink1Description"; Value = "Manufacturer"; VariantName = "[No Variations]"
Add component (AddParameter): Name = "ComponentLink1URL"; Value = "http://www.we-online.de"; VariantName = "[No Variations]"
Add component (AddParameter): Name = "ComponentLink2Description"; Value = "Datasheet"; VariantName = "[No Variations]"
Add component (AddParameter): Name = "ComponentLink2URL"; Value = "http://katalog.we-online.de/em/datasheet/6130xx11821.pdf"; VariantName = "[No Variations]"
Add component (AddParameter): Name = "PartNumber"; Value = "61300311821"; VariantName = "[No Variations]"
Add component (AddParameter): Name = "PinNumber"; Value = "03p"; VariantName = "[No Variations]"
Add component (AddParameter): Name = "PublishedDate"; Value = "July 2016"; VariantName = "[No Variations]"
Add component (AddParameter): Name = "Publisher"; Value = "Wurth Elektronik"; VariantName = "[No Variations]"
Added Component: Designator=J5(61300311821)
Add component. Clean all parameters for all variants
Add component (AddParameter): Name = "ComponentLink1Description"; Value = "Manufacturer"; VariantName = "[No Variations]"
Add component (AddParameter): Name = "ComponentLink1URL"; Value = "http://www.we-online.de"; VariantName = "[No Variations]"
Add component (AddParameter): Name = "ComponentLink2Description"; Value = "Datasheet"; VariantName = "[No Variations]"
Add component (AddParameter): Name = "ComponentLink2URL"; Value = "http://katalog.we-online.de/em/datasheet/6130xx11821.pdf"; VariantName = "[No Variations]"
Add component (AddParameter): Name = "PartNumber"; Value = "61300311821"; VariantName = "[No Variations]"
Add component (AddParameter): Name = "PinNumber"; Value = "03p"; VariantName = "[No Variations]"
Add component (AddParameter): Name = "PublishedDate"; Value = "July 2016"; VariantName = "[No Variations]"
Add component (AddParameter): Name = "Publisher"; Value = "Wurth Elektronik"; VariantName = "[No Variations]"
Added Component: Designator=J6(61300311821)
Add component. Clean all parameters for all variants
Add component (AddParameter): Name = "ComponentLink1Description"; Value = "Manufacturer"; VariantName = "[No Variations]"
Add component (AddParameter): Name = "ComponentLink1URL"; Value = "http://www.we-online.de"; VariantName = "[No Variations]"
Add component (AddParameter): Name = "ComponentLink2Description"; Value = "Datasheet"; VariantName = "[No Variations]"
Add component (AddParameter): Name = "ComponentLink2URL"; Value = "http://katalog.we-online.de/em/datasheet/6130xx11821.pdf"; VariantName = "[No Variations]"
Add component (AddParameter): Name = "PartNumber"; Value = "61300311821"; VariantName = "[No Variations]"
Add component (AddParameter): Name = "PinNumber"; Value = "03p"; VariantName = "[No Variations]"
Add component (AddParameter): Name = "PublishedDate"; Value = "July 2016"; VariantName = "[No Variations]"
Add component (AddParameter): Name = "Publisher"; Value = "Wurth Elektronik"; VariantName = "[No Variations]"
Added Component: Designator=J7(61300311821)
Add component. Clean all parameters for all variants
Add component (AddParameter): Name = "ComponentLink1Description"; Value = "Manufacturer"; VariantName = "[No Variations]"
Add component (AddParameter): Name = "ComponentLink1URL"; Value = "http://www.we-online.de"; VariantName = "[No Variations]"
Add component (AddParameter): Name = "ComponentLink2Description"; Value = "Datasheet"; VariantName = "[No Variations]"
Add component (AddParameter): Name = "ComponentLink2URL"; Value = "http://katalog.we-online.de/em/datasheet/6130xx11821.pdf"; VariantName = "[No Variations]"
Add component (AddParameter): Name = "PartNumber"; Value = "61300311821"; VariantName = "[No Variations]"
Add component (AddParameter): Name = "PinNumber"; Value = "03p"; VariantName = "[No Variations]"
Add component (AddParameter): Name = "PublishedDate"; Value = "July 2016"; VariantName = "[No Variations]"
Add component (AddParameter): Name = "Publisher"; Value = "Wurth Elektronik"; VariantName = "[No Variations]"
Added Component: Designator=LCD1(LCD-C1602N1Z BLUE)
Add component. Clean all parameters for all variants
Added Component: Designator=LD1(LED 5MM GREEN)
Add component. Clean all parameters for all variants
Added Component: Designator=LM1(TO220-BCE)
Add component. Clean all parameters for all variants
Added Component: Designator=P1(POW3.50 3DFH)
Add component. Clean all parameters for all variants
Added Component: Designator=R1(RES 0805/2012)
Add component. Clean all parameters for all variants
Add component (AddParameter): Name = "Value"; Value = "10K"; VariantName = "[No Variations]"
Added Component: Designator=R2(RES 0805/2012)
Add component. Clean all parameters for all variants
Add component (AddParameter): Name = "Value"; Value = "10K"; VariantName = "[No Variations]"
Added Component: Designator=R3(RES 0805/2012)
Add component. Clean all parameters for all variants
Add component (AddParameter): Name = "Value"; Value = "10K"; VariantName = "[No Variations]"
Added Component: Designator=U1(DIP40Q)
Add component. Clean all parameters for all variants
Added Component: Designator=VR1(POTSD 3296V)
Add component. Clean all parameters for all variants
Added Pin To Net: NetName=+5V Pin=C3-1
Added Pin To Net: NetName=+5V Pin=C4-1
Added Pin To Net: NetName=+5V Pin=J1-4
Added Pin To Net: NetName=+5V Pin=J2-1
Added Pin To Net: NetName=+5V Pin=J3-1
Added Pin To Net: NetName=+5V Pin=J4-1
Added Pin To Net: NetName=+5V Pin=J5-1
Added Pin To Net: NetName=+5V Pin=J6-1
Added Pin To Net: NetName=+5V Pin=J7-1
Added Pin To Net: NetName=+5V Pin=LCD1-2
Added Pin To Net: NetName=+5V Pin=LCD1-15
Added Pin To Net: NetName=+5V Pin=LD1-1
Added Pin To Net: NetName=+5V Pin=LM1-3
Added Pin To Net: NetName=+5V Pin=R3-1
Added Pin To Net: NetName=+5V Pin=U1-11
Added Pin To Net: NetName=+5V Pin=U1-32
Added Pin To Net: NetName=+5V Pin=VR1-1
Added Net: Name=+5V
Added Pin To Net: NetName=GND Pin=BT1-1
Added Pin To Net: NetName=GND Pin=BT1-1
Added Pin To Net: NetName=GND Pin=C1-2
Added Pin To Net: NetName=GND Pin=C2-2
Added Pin To Net: NetName=GND Pin=C3-2
Added Pin To Net: NetName=GND Pin=C4-2
Added Pin To Net: NetName=GND Pin=C5-2
Added Pin To Net: NetName=GND Pin=C6-2
Added Pin To Net: NetName=GND Pin=C7-2
Added Pin To Net: NetName=GND Pin=J1-3
Added Pin To Net: NetName=GND Pin=J2-3
Added Pin To Net: NetName=GND Pin=J3-3
Added Pin To Net: NetName=GND Pin=J4-3
Added Pin To Net: NetName=GND Pin=J5-3
Added Pin To Net: NetName=GND Pin=J6-3
Added Pin To Net: NetName=GND Pin=J7-3
Added Pin To Net: NetName=GND Pin=LCD1-1
Added Pin To Net: NetName=GND Pin=LM1-2
Added Pin To Net: NetName=GND Pin=P1-2
Added Pin To Net: NetName=GND Pin=P1-3
Added Pin To Net: NetName=GND Pin=R1-1
Added Pin To Net: NetName=GND Pin=R2-1
Added Pin To Net: NetName=GND Pin=U1-12
Added Pin To Net: NetName=GND Pin=U1-31
Added Pin To Net: NetName=GND Pin=VR1-3
Added Net: Name=GND
Added Pin To Net: NetName=KLCD Pin=LCD1-16
Added Pin To Net: NetName=KLCD Pin=R1-2
Added Net: Name=KLCD
Added Pin To Net: NetName=LCD_D4 Pin=LCD1-11
Added Pin To Net: NetName=LCD_D4 Pin=U1-30
Added Net: Name=LCD_D4
Added Pin To Net: NetName=LCD_D5 Pin=LCD1-12
Added Pin To Net: NetName=LCD_D5 Pin=U1-29
Added Net: Name=LCD_D5
Added Pin To Net: NetName=LCD_D6 Pin=LCD1-13
Added Pin To Net: NetName=LCD_D6 Pin=U1-28
Added Net: Name=LCD_D6
Added Pin To Net: NetName=LCD_D7 Pin=LCD1-14
Added Pin To Net: NetName=LCD_D7 Pin=U1-27
Added Net: Name=LCD_D7
Added Pin To Net: NetName=LCD_E Pin=LCD1-6
Added Pin To Net: NetName=LCD_E Pin=U1-33
Added Net: Name=LCD_E
Added Pin To Net: NetName=LCD_RS Pin=LCD1-4
Added Pin To Net: NetName=LCD_RS Pin=U1-35
Added Net: Name=LCD_RS
Added Pin To Net: NetName=LCD_RW Pin=LCD1-5
Added Pin To Net: NetName=LCD_RW Pin=U1-34
Added Net: Name=LCD_RW
Added Pin To Net: NetName=NetC1_1 Pin=C1-1
Added Pin To Net: NetName=NetC1_1 Pin=C2-1
Added Pin To Net: NetName=NetC1_1 Pin=D1-2
Added Pin To Net: NetName=NetC1_1 Pin=LM1-1
Added Net: Name=NetC1_1
Added Pin To Net: NetName=NetD1_1 Pin=D1-1
Added Pin To Net: NetName=NetD1_1 Pin=P1-1
Added Net: Name=NetD1_1
Added Pin To Net: NetName=NetLCD1_3 Pin=LCD1-3
Added Pin To Net: NetName=NetLCD1_3 Pin=VR1-2
Added Net: Name=NetLCD1_3
Added Pin To Net: NetName=NetLD1_2 Pin=LD1-2
Added Pin To Net: NetName=NetLD1_2 Pin=R2-2
Added Net: Name=NetLD1_2
Added Pin To Net: NetName=OSC1 Pin=1-1
Added Pin To Net: NetName=OSC1 Pin=C5-1
Added Pin To Net: NetName=OSC1 Pin=U1-13
Added Net: Name=OSC1
Added Pin To Net: NetName=OSC2 Pin=1-2
Added Pin To Net: NetName=OSC2 Pin=C7-1
Added Pin To Net: NetName=OSC2 Pin=U1-14
Added Net: Name=OSC2
Added Pin To Net: NetName=PGC Pin=J1-1
Added Pin To Net: NetName=PGC Pin=U1-39
Added Net: Name=PGC
Added Pin To Net: NetName=PGD Pin=J1-2
Added Pin To Net: NetName=PGD Pin=U1-40
Added Net: Name=PGD
Added Pin To Net: NetName=Reset Pin=BT1-2
Added Pin To Net: NetName=Reset Pin=BT1-2
Added Pin To Net: NetName=Reset Pin=C6-1
Added Pin To Net: NetName=Reset Pin=J1-5
Added Pin To Net: NetName=Reset Pin=R3-2
Added Pin To Net: NetName=Reset Pin=U1-1
Added Net: Name=Reset
Added Pin To Net: NetName=Sensor1 Pin=J2-2
Added Pin To Net: NetName=Sensor1 Pin=U1-2
Added Net: Name=Sensor1
Added Pin To Net: NetName=Sensor2 Pin=J3-2
Added Pin To Net: NetName=Sensor2 Pin=U1-3
Added Net: Name=Sensor2
Added Pin To Net: NetName=Sensor3 Pin=J4-2
Added Pin To Net: NetName=Sensor3 Pin=U1-4
Added Net: Name=Sensor3
Added Pin To Net: NetName=Sensor4 Pin=J5-2
Added Pin To Net: NetName=Sensor4 Pin=U1-5
Added Net: Name=Sensor4
Added Pin To Net: NetName=Sensor5 Pin=J6-2
Added Pin To Net: NetName=Sensor5 Pin=U1-7
Added Net: Name=Sensor5
Added Pin To Net: NetName=Sensor6 Pin=J7-2
Added Pin To Net: NetName=Sensor6 Pin=U1-8
Added Net: Name=Sensor6
Added Class: Name=Sheet1_vitrixe
Added Room: Name=Sheet1_vitrixe
